ERROR - 2026-04-21 06:55:50 --> Error connecting to the database: mysqli_sql_exception: No such file or directory in /home/honore/Documents/Etude/Web/Gestion de Bibliothèque/system/Database/MySQLi/Connection.php:201
Stack trace:
#0 /home/honore/Documents/Etude/Web/Gestion de Bibliothèque/system/Database/MySQLi/Connection.php(201): mysqli->real_connect()
#1 /home/honore/Documents/Etude/Web/Gestion de Bibliothèque/system/Database/BaseConnection.php(555): CodeIgniter\Database\MySQLi\Connection->connect()
#2 /home/honore/Documents/Etude/Web/Gestion de Bibliothèque/app/Controllers/Etudiant.php(13): CodeIgniter\Database\BaseConnection->initialize()
#3 /home/honore/Documents/Etude/Web/Gestion de Bibliothèque/system/CodeIgniter.php(951): App\Controllers\Etudiant->liste_etudiants()
#4 /home/honore/Documents/Etude/Web/Gestion de Bibliothèque/system/CodeIgniter.php(497): CodeIgniter\CodeIgniter->runController()
#5 /home/honore/Documents/Etude/Web/Gestion de Bibliothèque/system/CodeIgniter.php(340): CodeIgniter\CodeIgniter->handleRequest()
#6 /home/honore/Documents/Etude/Web/Gestion de Bibliothèque/system/Boot.php(417): CodeIgniter\CodeIgniter->run()
#7 /home/honore/Documents/Etude/Web/Gestion de Bibliothèque/system/Boot.php(68): CodeIgniter\Boot::runCodeIgniter()
#8 /home/honore/Documents/Etude/Web/Gestion de Bibliothèque/public/index.php(59): CodeIgniter\Boot::bootWeb()
#9 {main}

Next CodeIgniter\Database\Exceptions\DatabaseException: No such file or directory in /home/honore/Documents/Etude/Web/Gestion de Bibliothèque/system/Database/MySQLi/Connection.php:231
Stack trace:
#0 /home/honore/Documents/Etude/Web/Gestion de Bibliothèque/system/Database/BaseConnection.php(555): CodeIgniter\Database\MySQLi\Connection->connect()
#1 /home/honore/Documents/Etude/Web/Gestion de Bibliothèque/app/Controllers/Etudiant.php(13): CodeIgniter\Database\BaseConnection->initialize()
#2 /home/honore/Documents/Etude/Web/Gestion de Bibliothèque/system/CodeIgniter.php(951): App\Controllers\Etudiant->liste_etudiants()
#3 /home/honore/Documents/Etude/Web/Gestion de Bibliothèque/system/CodeIgniter.php(497): CodeIgniter\CodeIgniter->runController()
#4 /home/honore/Documents/Etude/Web/Gestion de Bibliothèque/system/CodeIgniter.php(340): CodeIgniter\CodeIgniter->handleRequest()
#5 /home/honore/Documents/Etude/Web/Gestion de Bibliothèque/system/Boot.php(417): CodeIgniter\CodeIgniter->run()
#6 /home/honore/Documents/Etude/Web/Gestion de Bibliothèque/system/Boot.php(68): CodeIgniter\Boot::runCodeIgniter()
#7 /home/honore/Documents/Etude/Web/Gestion de Bibliothèque/public/index.php(59): CodeIgniter\Boot::bootWeb()
#8 {main}
ERROR - 2026-04-21 06:59:57 --> Error connecting to the database: mysqli_sql_exception: No such file or directory in /home/honore/Documents/Etude/Web/Gestion de Bibliothèque/system/Database/MySQLi/Connection.php:201
Stack trace:
#0 /home/honore/Documents/Etude/Web/Gestion de Bibliothèque/system/Database/MySQLi/Connection.php(201): mysqli->real_connect()
#1 /home/honore/Documents/Etude/Web/Gestion de Bibliothèque/system/Database/BaseConnection.php(555): CodeIgniter\Database\MySQLi\Connection->connect()
#2 /home/honore/Documents/Etude/Web/Gestion de Bibliothèque/app/Controllers/Etudiant.php(13): CodeIgniter\Database\BaseConnection->initialize()
#3 /home/honore/Documents/Etude/Web/Gestion de Bibliothèque/system/CodeIgniter.php(951): App\Controllers\Etudiant->liste_etudiants()
#4 /home/honore/Documents/Etude/Web/Gestion de Bibliothèque/system/CodeIgniter.php(497): CodeIgniter\CodeIgniter->runController()
#5 /home/honore/Documents/Etude/Web/Gestion de Bibliothèque/system/CodeIgniter.php(340): CodeIgniter\CodeIgniter->handleRequest()
#6 /home/honore/Documents/Etude/Web/Gestion de Bibliothèque/system/Boot.php(417): CodeIgniter\CodeIgniter->run()
#7 /home/honore/Documents/Etude/Web/Gestion de Bibliothèque/system/Boot.php(68): CodeIgniter\Boot::runCodeIgniter()
#8 /home/honore/Documents/Etude/Web/Gestion de Bibliothèque/public/index.php(59): CodeIgniter\Boot::bootWeb()
#9 {main}

Next CodeIgniter\Database\Exceptions\DatabaseException: No such file or directory in /home/honore/Documents/Etude/Web/Gestion de Bibliothèque/system/Database/MySQLi/Connection.php:231
Stack trace:
#0 /home/honore/Documents/Etude/Web/Gestion de Bibliothèque/system/Database/BaseConnection.php(555): CodeIgniter\Database\MySQLi\Connection->connect()
#1 /home/honore/Documents/Etude/Web/Gestion de Bibliothèque/app/Controllers/Etudiant.php(13): CodeIgniter\Database\BaseConnection->initialize()
#2 /home/honore/Documents/Etude/Web/Gestion de Bibliothèque/system/CodeIgniter.php(951): App\Controllers\Etudiant->liste_etudiants()
#3 /home/honore/Documents/Etude/Web/Gestion de Bibliothèque/system/CodeIgniter.php(497): CodeIgniter\CodeIgniter->runController()
#4 /home/honore/Documents/Etude/Web/Gestion de Bibliothèque/system/CodeIgniter.php(340): CodeIgniter\CodeIgniter->handleRequest()
#5 /home/honore/Documents/Etude/Web/Gestion de Bibliothèque/system/Boot.php(417): CodeIgniter\CodeIgniter->run()
#6 /home/honore/Documents/Etude/Web/Gestion de Bibliothèque/system/Boot.php(68): CodeIgniter\Boot::runCodeIgniter()
#7 /home/honore/Documents/Etude/Web/Gestion de Bibliothèque/public/index.php(59): CodeIgniter\Boot::bootWeb()
#8 {main}
CRITICAL - 2026-04-21 08:39:02 --> TypeError: Cannot access offset of type string on string
[Method: GET, Route: fiche_livre/1]
in APPPATH/Views/fiche_livre.php on line 29.
 1 SYSTEMPATH/View/View.php(240): include()
 2 SYSTEMPATH/View/View.php(243): CodeIgniter\View\View->CodeIgniter\View\{closure}()
 3 SYSTEMPATH/Common.php(1250): CodeIgniter\View\View->render()
 4 APPPATH/Controllers/AcceuilController.php(25): view()
 5 SYSTEMPATH/CodeIgniter.php(951): App\Controllers\AcceuilController->fiche_livre()
 6 SYSTEMPATH/CodeIgniter.php(497): CodeIgniter\CodeIgniter->runController()
 7 SYSTEMPATH/CodeIgniter.php(340): CodeIgniter\CodeIgniter->handleRequest()
 8 SYSTEMPATH/Boot.php(417): CodeIgniter\CodeIgniter->run()
 9 SYSTEMPATH/Boot.php(68): CodeIgniter\Boot::runCodeIgniter()
10 FCPATH/index.php(59): CodeIgniter\Boot::bootWeb()
CRITICAL - 2026-04-21 08:39:05 --> TypeError: Cannot access offset of type string on string
[Method: GET, Route: fiche_livre/1]
in APPPATH/Views/fiche_livre.php on line 29.
 1 SYSTEMPATH/View/View.php(240): include()
 2 SYSTEMPATH/View/View.php(243): CodeIgniter\View\View->CodeIgniter\View\{closure}()
 3 SYSTEMPATH/Common.php(1250): CodeIgniter\View\View->render()
 4 APPPATH/Controllers/AcceuilController.php(25): view()
 5 SYSTEMPATH/CodeIgniter.php(951): App\Controllers\AcceuilController->fiche_livre()
 6 SYSTEMPATH/CodeIgniter.php(497): CodeIgniter\CodeIgniter->runController()
 7 SYSTEMPATH/CodeIgniter.php(340): CodeIgniter\CodeIgniter->handleRequest()
 8 SYSTEMPATH/Boot.php(417): CodeIgniter\CodeIgniter->run()
 9 SYSTEMPATH/Boot.php(68): CodeIgniter\Boot::runCodeIgniter()
10 FCPATH/index.php(59): CodeIgniter\Boot::bootWeb()
CRITICAL - 2026-04-21 08:40:39 --> TypeError: Cannot access offset of type string on string
[Method: GET, Route: fiche_livre/1]
in APPPATH/Views/fiche_livre.php on line 29.
 1 SYSTEMPATH/View/View.php(240): include()
 2 SYSTEMPATH/View/View.php(243): CodeIgniter\View\View->CodeIgniter\View\{closure}()
 3 SYSTEMPATH/Common.php(1250): CodeIgniter\View\View->render()
 4 APPPATH/Controllers/AcceuilController.php(25): view()
 5 SYSTEMPATH/CodeIgniter.php(951): App\Controllers\AcceuilController->fiche_livre()
 6 SYSTEMPATH/CodeIgniter.php(497): CodeIgniter\CodeIgniter->runController()
 7 SYSTEMPATH/CodeIgniter.php(340): CodeIgniter\CodeIgniter->handleRequest()
 8 SYSTEMPATH/Boot.php(417): CodeIgniter\CodeIgniter->run()
 9 SYSTEMPATH/Boot.php(68): CodeIgniter\Boot::runCodeIgniter()
10 FCPATH/index.php(59): CodeIgniter\Boot::bootWeb()
